# JRE version: Java(TM) SE Runtime Environment (8.0_231-b11) (build 1.8.0_231-b11)
# Java VM: Java HotSpot(TM) 64-Bit Server VM (25.231-b11 mixed mode windows-amd64 compressed oops)
Heap:
 par new generation   total 306688K, used 268580K [0x00000000c0000000, 0x00000000d4cc0000, 0x00000000d4cc0000)
  eden space 272640K,  86% used [0x00000000c0000000, 0x00000000ce5090c8, 0x00000000d0a40000)
  from space 34048K, 100% used [0x00000000d0a40000, 0x00000000d2b80000, 0x00000000d2b80000)
  to   space 34048K,   0% used [0x00000000d2b80000, 0x00000000d2b80000, 0x00000000d4cc0000)
 concurrent mark-sweep generation total 707840K, used 122069K [0x00000000d4cc0000, 0x0000000100000000, 0x0000000100000000)
 Metaspace       used 40774K, capacity 41085K, committed 41728K, reserved 1085440K
  class space    used 4706K, capacity 4820K, committed 4864K, reserved 1048576K
GC Heap History (10 events):
Event: 52.070 GC heap before
{Heap before GC invocations=11 (full 8):
 par new generation   total 306688K, used 272640K [0x00000000c0000000, 0x00000000d4cc0000, 0x00000000d4cc0000)
  eden space 272640K, 100% used [0x00000000c0000000, 0x00000000d0a40000, 0x00000000d0a40000)
  from space 34048K,   0% used [0x00000000d0a40000, 0x00000000d0a40000, 0x00000000d2b80000)
  to   space 34048K,   0% used [0x00000000d2b80000, 0x00000000d2b80000, 0x00000000d4cc0000)
 concurrent mark-sweep generation total 707840K, used 65575K [0x00000000d4cc0000, 0x0000000100000000, 0x0000000100000000)
 Metaspace       used 34825K, capacity 35107K, committed 35584K, reserved 1081344K
  class space    used 4192K, capacity 4291K, committed 4352K, reserved 1048576K
Event: 52.140 GC heap after
Heap after GC invocations=12 (full 8):
 par new generation   total 306688K, used 34048K [0x00000000c0000000, 0x00000000d4cc0000, 0x00000000d4cc0000)
  eden space 272640K,   0% used [0x00000000c0000000, 0x00000000c0000000, 0x00000000d0a40000)
  from space 34048K, 100% used [0x00000000d2b80000, 0x00000000d4cc0000, 0x00000000d4cc0000)
  to   space 34048K,   0% used [0x00000000d0a40000, 0x00000000d0a40000, 0x00000000d2b80000)
 concurrent mark-sweep generation total 707840K, used 72180K [0x00000000d4cc0000, 0x0000000100000000, 0x0000000100000000)
 Metaspace       used 34825K, capacity 35107K, committed 35584K, reserved 1081344K
  class space    used 4192K, capacity 4291K, committed 4352K, reserved 1048576K
}
Event: 52.627 GC heap before
{Heap before GC invocations=12 (full 8):
 par new generation   total 306688K, used 126126K [0x00000000c0000000, 0x00000000d4cc0000, 0x00000000d4cc0000)
  eden space 272640K,  33% used [0x00000000c0000000, 0x00000000c59eb970, 0x00000000d0a40000)
  from space 34048K, 100% used [0x00000000d2b80000, 0x00000000d4cc0000, 0x00000000d4cc0000)
  to   space 34048K,   0% used [0x00000000d0a40000, 0x00000000d0a40000, 0x00000000d2b80000)
 concurrent mark-sweep generation total 707840K, used 72180K [0x00000000d4cc0000, 0x0000000100000000, 0x0000000100000000)
 Metaspace       used 36444K, capacity 36675K, committed 37248K, reserved 1081344K
  class space    used 4364K, capacity 4451K, committed 4480K, reserved 1048576K
Event: 52.806 GC heap after
Heap after GC invocations=13 (full 9):
 par new generation   total 306688K, used 0K [0x00000000c0000000, 0x00000000d4cc0000, 0x00000000d4cc0000)
  eden space 272640K,   0% used [0x00000000c0000000, 0x00000000c0000000, 0x00000000d0a40000)
  from space 34048K,   0% used [0x00000000d2b80000, 0x00000000d2b80000, 0x00000000d4cc0000)
  to   space 34048K,   0% used [0x00000000d0a40000, 0x00000000d0a40000, 0x00000000d2b80000)
 concurrent mark-sweep generation total 707840K, used 111131K [0x00000000d4cc0000, 0x0000000100000000, 0x0000000100000000)
 Metaspace       used 36444K, capacity 36675K, committed 37248K, reserved 1081344K
  class space    used 4364K, capacity 4451K, committed 4480K, reserved 1048576K
}
Event: 53.902 GC heap before
{Heap before GC invocations=13 (full 9):
 par new generation   total 306688K, used 257618K [0x00000000c0000000, 0x00000000d4cc0000, 0x00000000d4cc0000)
  eden space 272640K,  94% used [0x00000000c0000000, 0x00000000cfb949d0, 0x00000000d0a40000)
  from space 34048K,   0% used [0x00000000d2b80000, 0x00000000d2b80000, 0x00000000d4cc0000)
  to   space 34048K,   0% used [0x00000000d0a40000, 0x00000000d0a40000, 0x00000000d2b80000)
 concurrent mark-sweep generation total 707840K, used 111131K [0x00000000d4cc0000, 0x0000000100000000, 0x0000000100000000)
 Metaspace       used 37937K, capacity 38321K, committed 39040K, reserved 1083392K
  class space    used 4480K, capacity 4626K, committed 4736K, reserved 1048576K
Event: 53.913 GC heap after
Heap after GC invocations=14 (full 9):
 par new generation   total 306688K, used 34048K [0x00000000c0000000, 0x00000000d4cc0000, 0x00000000d4cc0000)
  eden space 272640K,   0% used [0x00000000c0000000, 0x00000000c0000000, 0x00000000d0a40000)
  from space 34048K, 100% used [0x00000000d0a40000, 0x00000000d2b80000, 0x00000000d2b80000)
  to   space 34048K,   0% used [0x00000000d2b80000, 0x00000000d2b80000, 0x00000000d4cc0000)
 concurrent mark-sweep generation total 707840K, used 111604K [0x00000000d4cc0000, 0x0000000100000000, 0x0000000100000000)
 Metaspace       used 37937K, capacity 38321K, committed 39040K, reserved 1083392K
  class space    used 4480K, capacity 4626K, committed 4736K, reserved 1048576K
}
Event: 58.483 GC heap before
{Heap before GC invocations=14 (full 10):
 par new generation   total 306688K, used 306688K [0x00000000c0000000, 0x00000000d4cc0000, 0x00000000d4cc0000)
  eden space 272640K, 100% used [0x00000000c0000000, 0x00000000d0a40000, 0x00000000d0a40000)
  from space 34048K, 100% used [0x00000000d0a40000, 0x00000000d2b80000, 0x00000000d2b80000)
  to   space 34048K,   0% used [0x00000000d2b80000, 0x00000000d2b80000, 0x00000000d4cc0000)
 concurrent mark-sweep generation total 707840K, used 108824K [0x00000000d4cc0000, 0x0000000100000000, 0x0000000100000000)
 Metaspace       used 39984K, capacity 40349K, committed 40960K, reserved 1085440K
  class space    used 4669K, capacity 4788K, committed 4864K, reserved 1048576K
Event: 58.493 GC heap after
Heap after GC invocations=15 (full 10):
 par new generation   total 306688K, used 29715K [0x00000000c0000000, 0x00000000d4cc0000, 0x00000000d4cc0000)
  eden space 272640K,   0% used [0x00000000c0000000, 0x00000000c0000000, 0x00000000d0a40000)
  from space 34048K,  87% used [0x00000000d2b80000, 0x00000000d4884ea8, 0x00000000d4cc0000)
  to   space 34048K,   0% used [0x00000000d0a40000, 0x00000000d0a40000, 0x00000000d2b80000)
 concurrent mark-sweep generation total 707840K, used 108824K [0x00000000d4cc0000, 0x0000000100000000, 0x0000000100000000)
 Metaspace       used 39984K, capacity 40349K, committed 40960K, reserved 1085440K
  class space    used 4669K, capacity 4788K, committed 4864K, reserved 1048576K
}
Event: 65.679 GC heap before
{Heap before GC invocations=15 (full 11):
 par new generation   total 306688K, used 288904K [0x00000000c0000000, 0x00000000d4cc0000, 0x00000000d4cc0000)
  eden space 272640K,  95% used [0x00000000c0000000, 0x00000000cfd1d270, 0x00000000d0a40000)
  from space 34048K,  87% used [0x00000000d2b80000, 0x00000000d4884ea8, 0x00000000d4cc0000)
  to   space 34048K,   0% used [0x00000000d0a40000, 0x00000000d0a40000, 0x00000000d2b80000)
 concurrent mark-sweep generation total 707840K, used 108824K [0x00000000d4cc0000, 0x0000000100000000, 0x0000000100000000)
 Metaspace       used 40518K, capacity 40829K, committed 41472K, reserved 1085440K
  class space    used 4697K, capacity 4820K, committed 4864K, reserved 1048576K
Event: 65.717 GC heap after
Heap after GC invocations=16 (full 11):
 par new generation   total 306688K, used 34048K [0x00000000c0000000, 0x00000000d4cc0000, 0x00000000d4cc0000)
  eden space 272640K,   0% used [0x00000000c0000000, 0x00000000c0000000, 0x00000000d0a40000)
  from space 34048K, 100% used [0x00000000d0a40000, 0x00000000d2b80000, 0x00000000d2b80000)
  to   space 34048K,   0% used [0x00000000d2b80000, 0x00000000d2b80000, 0x00000000d4cc0000)
 concurrent mark-sweep generation total 707840K, used 122991K [0x00000000d4cc0000, 0x0000000100000000, 0x0000000100000000)
 Metaspace       used 40518K, capacity 40829K, committed 41472K, reserved 1085440K
  class space    used 4697K, capacity 4820K, committed 4864K, reserved 1048576K
}

