# JRE version: Java(TM) SE Runtime Environment (8.0_231-b11) (build 1.8.0_231-b11)
# Java VM: Java HotSpot(TM) 64-Bit Server VM (25.231-b11 mixed mode windows-amd64 compressed oops)
Heap:
 par new generation   total 306688K, used 157074K [0x00000000c0000000, 0x00000000d4cc0000, 0x00000000d4cc0000)
  eden space 272640K,  53% used [0x00000000c0000000, 0x00000000c8e22998, 0x00000000d0a40000)
  from space 34048K,  33% used [0x00000000d0a40000, 0x00000000d1581f80, 0x00000000d2b80000)
  to   space 34048K,   0% used [0x00000000d2b80000, 0x00000000d2b80000, 0x00000000d4cc0000)
 concurrent mark-sweep generation total 707840K, used 57467K [0x00000000d4cc0000, 0x0000000100000000, 0x0000000100000000)
 Metaspace       used 31066K, capacity 31325K, committed 31872K, reserved 1077248K
  class space    used 3779K, capacity 3868K, committed 3968K, reserved 1048576K
GC Heap History (10 events):
Event: 13.488 GC heap before
{Heap before GC invocations=4 (full 3):
 par new generation   total 306688K, used 304460K [0x00000000c0000000, 0x00000000d4cc0000, 0x00000000d4cc0000)
  eden space 272640K, 100% used [0x00000000c0000000, 0x00000000d0a40000, 0x00000000d0a40000)
  from space 34048K,  93% used [0x00000000d2b80000, 0x00000000d4a931c8, 0x00000000d4cc0000)
  to   space 34048K,   0% used [0x00000000d0a40000, 0x00000000d0a40000, 0x00000000d2b80000)
 concurrent mark-sweep generation total 707840K, used 22552K [0x00000000d4cc0000, 0x0000000100000000, 0x0000000100000000)
 Metaspace       used 26014K, capacity 26217K, committed 26624K, reserved 1073152K
  class space    used 3165K, capacity 3216K, committed 3328K, reserved 1048576K
Event: 13.565 GC heap after
Heap after GC invocations=5 (full 3):
 par new generation   total 306688K, used 34048K [0x00000000c0000000, 0x00000000d4cc0000, 0x00000000d4cc0000)
  eden space 272640K,   0% used [0x00000000c0000000, 0x00000000c0000000, 0x00000000d0a40000)
  from space 34048K, 100% used [0x00000000d0a40000, 0x00000000d2b80000, 0x00000000d2b80000)
  to   space 34048K,   0% used [0x00000000d2b80000, 0x00000000d2b80000, 0x00000000d4cc0000)
 concurrent mark-sweep generation total 707840K, used 54589K [0x00000000d4cc0000, 0x0000000100000000, 0x0000000100000000)
 Metaspace       used 26014K, capacity 26217K, committed 26624K, reserved 1073152K
  class space    used 3165K, capacity 3216K, committed 3328K, reserved 1048576K
}
Event: 16.197 GC heap before
{Heap before GC invocations=5 (full 3):
 par new generation   total 306688K, used 306688K [0x00000000c0000000, 0x00000000d4cc0000, 0x00000000d4cc0000)
  eden space 272640K, 100% used [0x00000000c0000000, 0x00000000d0a40000, 0x00000000d0a40000)
  from space 34048K, 100% used [0x00000000d0a40000, 0x00000000d2b80000, 0x00000000d2b80000)
  to   space 34048K,   0% used [0x00000000d2b80000, 0x00000000d2b80000, 0x00000000d4cc0000)
 concurrent mark-sweep generation total 707840K, used 54465K [0x00000000d4cc0000, 0x0000000100000000, 0x0000000100000000)
 Metaspace       used 26023K, capacity 26217K, committed 26624K, reserved 1073152K
  class space    used 3165K, capacity 3216K, committed 3328K, reserved 1048576K
Event: 16.268 GC heap after
Heap after GC invocations=6 (full 3):
 par new generation   total 306688K, used 34048K [0x00000000c0000000, 0x00000000d4cc0000, 0x00000000d4cc0000)
  eden space 272640K,   0% used [0x00000000c0000000, 0x00000000c0000000, 0x00000000d0a40000)
  from space 34048K, 100% used [0x00000000d2b80000, 0x00000000d4cc0000, 0x00000000d4cc0000)
  to   space 34048K,   0% used [0x00000000d0a40000, 0x00000000d0a40000, 0x00000000d2b80000)
 concurrent mark-sweep generation total 707840K, used 113556K [0x00000000d4cc0000, 0x0000000100000000, 0x0000000100000000)
 Metaspace       used 26023K, capacity 26217K, committed 26624K, reserved 1073152K
  class space    used 3165K, capacity 3216K, committed 3328K, reserved 1048576K
}
Event: 17.725 GC heap before
{Heap before GC invocations=6 (full 3):
 par new generation   total 306688K, used 306688K [0x00000000c0000000, 0x00000000d4cc0000, 0x00000000d4cc0000)
  eden space 272640K, 100% used [0x00000000c0000000, 0x00000000d0a40000, 0x00000000d0a40000)
  from space 34048K, 100% used [0x00000000d2b80000, 0x00000000d4cc0000, 0x00000000d4cc0000)
  to   space 34048K,   0% used [0x00000000d0a40000, 0x00000000d0a40000, 0x00000000d2b80000)
 concurrent mark-sweep generation total 707840K, used 113556K [0x00000000d4cc0000, 0x0000000100000000, 0x0000000100000000)
 Metaspace       used 27301K, capacity 27561K, committed 27904K, reserved 1073152K
  class space    used 3348K, capacity 3472K, committed 3584K, reserved 1048576K
Event: 17.768 GC heap after
Heap after GC invocations=7 (full 3):
 par new generation   total 306688K, used 34048K [0x00000000c0000000, 0x00000000d4cc0000, 0x00000000d4cc0000)
  eden space 272640K,   0% used [0x00000000c0000000, 0x00000000c0000000, 0x00000000d0a40000)
  from space 34048K, 100% used [0x00000000d0a40000, 0x00000000d2b80000, 0x00000000d2b80000)
  to   space 34048K,   0% used [0x00000000d2b80000, 0x00000000d2b80000, 0x00000000d4cc0000)
 concurrent mark-sweep generation total 707840K, used 135205K [0x00000000d4cc0000, 0x0000000100000000, 0x0000000100000000)
 Metaspace       used 27301K, capacity 27561K, committed 27904K, reserved 1073152K
  class space    used 3348K, capacity 3472K, committed 3584K, reserved 1048576K
}
Event: 19.820 GC heap before
{Heap before GC invocations=7 (full 4):
 par new generation   total 306688K, used 306688K [0x00000000c0000000, 0x00000000d4cc0000, 0x00000000d4cc0000)
  eden space 272640K, 100% used [0x00000000c0000000, 0x00000000d0a40000, 0x00000000d0a40000)
  from space 34048K, 100% used [0x00000000d0a40000, 0x00000000d2b80000, 0x00000000d2b80000)
  to   space 34048K,   0% used [0x00000000d2b80000, 0x00000000d2b80000, 0x00000000d4cc0000)
 concurrent mark-sweep generation total 707840K, used 135205K [0x00000000d4cc0000, 0x0000000100000000, 0x0000000100000000)
 Metaspace       used 30249K, capacity 30551K, committed 30976K, reserved 1077248K
  class space    used 3712K, capacity 3803K, committed 3840K, reserved 1048576K
Event: 19.838 GC heap after
Heap after GC invocations=8 (full 4):
 par new generation   total 306688K, used 12688K [0x00000000c0000000, 0x00000000d4cc0000, 0x00000000d4cc0000)
  eden space 272640K,   0% used [0x00000000c0000000, 0x00000000c0000000, 0x00000000d0a40000)
  from space 34048K,  37% used [0x00000000d2b80000, 0x00000000d37e4318, 0x00000000d4cc0000)
  to   space 34048K,   0% used [0x00000000d0a40000, 0x00000000d0a40000, 0x00000000d2b80000)
 concurrent mark-sweep generation total 707840K, used 141835K [0x00000000d4cc0000, 0x0000000100000000, 0x0000000100000000)
 Metaspace       used 30249K, capacity 30551K, committed 30976K, reserved 1077248K
  class space    used 3712K, capacity 3803K, committed 3840K, reserved 1048576K
}
Event: 21.993 GC heap before
{Heap before GC invocations=8 (full 4):
 par new generation   total 306688K, used 276697K [0x00000000c0000000, 0x00000000d4cc0000, 0x00000000d4cc0000)
  eden space 272640K,  96% used [0x00000000c0000000, 0x00000000d01d2458, 0x00000000d0a40000)
  from space 34048K,  37% used [0x00000000d2b80000, 0x00000000d37e4318, 0x00000000d4cc0000)
  to   space 34048K,   0% used [0x00000000d0a40000, 0x00000000d0a40000, 0x00000000d2b80000)
 concurrent mark-sweep generation total 707840K, used 85542K [0x00000000d4cc0000, 0x0000000100000000, 0x0000000100000000)
 Metaspace       used 30620K, capacity 30903K, committed 31232K, reserved 1077248K
  class space    used 3738K, capacity 3835K, committed 3840K, reserved 1048576K
Event: 21.999 GC heap after
Heap after GC invocations=9 (full 4):
 par new generation   total 306688K, used 11527K [0x00000000c0000000, 0x00000000d4cc0000, 0x00000000d4cc0000)
  eden space 272640K,   0% used [0x00000000c0000000, 0x00000000c0000000, 0x00000000d0a40000)
  from space 34048K,  33% used [0x00000000d0a40000, 0x00000000d1581f80, 0x00000000d2b80000)
  to   space 34048K,   0% used [0x00000000d2b80000, 0x00000000d2b80000, 0x00000000d4cc0000)
 concurrent mark-sweep generation total 707840K, used 85542K [0x00000000d4cc0000, 0x0000000100000000, 0x0000000100000000)
 Metaspace       used 30620K, capacity 30903K, committed 31232K, reserved 1077248K
  class space    used 3738K, capacity 3835K, committed 3840K, reserved 1048576K
}

